Info: Starting: Create block symbol file (.bsf)
Info: ip-generate --project-directory=E:\Dropbox\numerical-fpga-thesis\sockit --output-directory=E:\Dropbox\numerical-fpga-thesis\sockit\memory_io --report-file=bsf:E:\Dropbox\numerical-fpga-thesis\sockit\memory_io\memory_io.bsf --system-info=DEVICE_FAMILY="Cyclone V" --system-info=DEVICE=5CSXFC6D6F31C8 --system-info=DEVICE_SPEEDGRADE=8_H6 --component-file=E:\Dropbox\numerical-fpga-thesis\sockit\memory_io.qsys --remove-qsys-generate-warning
Progress: Loading sockit/memory_io.qsys
Progress: Reading input file
Progress: Adding clk_0 [clock_source 14.1]
Progress: Parameterizing module clk_0
Progress: Adding hps_0 [altera_hps 14.1]
Progress: Parameterizing module hps_0
Progress: Adding io_mem_component_0 [io_mem_component 1.0]
Progress: Parameterizing module io_mem_component_0
Progress: Building connections
Progress: Parameterizing connections
Progress: Validating
Progress: Done reading input file
Info: memory_io.hps_0: HPS Main PLL counter settings: n = 0  m = 47
Info: memory_io.hps_0: HPS peripherial PLL counter settings: n = 0  m = 39
Warning: memory_io.hps_0: set_interface_assignment: Interface "hps_io" does not exist
Info: ip-generate succeeded.
Info: Finished: Create block symbol file (.bsf)
Info: 
Info: Starting: Create HDL design files for synthesis
Info: ip-generate --project-directory=E:\Dropbox\numerical-fpga-thesis\sockit --output-directory=E:\Dropbox\numerical-fpga-thesis\sockit\memory_io\synthesis --file-set=QUARTUS_SYNTH --report-file=html:E:\Dropbox\numerical-fpga-thesis\sockit\memory_io\memory_io.html --report-file=sopcinfo:E:\Dropbox\numerical-fpga-thesis\sockit\memory_io.sopcinfo --report-file=cmp:E:\Dropbox\numerical-fpga-thesis\sockit\memory_io\memory_io.cmp --report-file=qip:E:\Dropbox\numerical-fpga-thesis\sockit\memory_io\synthesis\memory_io.qip --report-file=svd:E:\Dropbox\numerical-fpga-thesis\sockit\memory_io\synthesis\memory_io.svd --report-file=regmap:E:\Dropbox\numerical-fpga-thesis\sockit\memory_io\synthesis\memory_io.regmap --report-file=xml:E:\Dropbox\numerical-fpga-thesis\sockit\memory_io\memory_io.xml --report-file=debuginfo:E:\Dropbox\numerical-fpga-thesis\sockit\memory_io\synthesis\memory_io.debuginfo --system-info=DEVICE_FAMILY="Cyclone V" --system-info=DEVICE=5CSXFC6D6F31C8 --system-info=DEVICE_SPEEDGRADE=8_H6 --component-file=E:\Dropbox\numerical-fpga-thesis\sockit\memory_io.qsys --remove-qsys-generate-warning --language=VHDL
Progress: Loading sockit/memory_io.qsys
Progress: Reading input file
Progress: Adding clk_0 [clock_source 14.1]
Progress: Parameterizing module clk_0
Progress: Adding hps_0 [altera_hps 14.1]
Progress: Parameterizing module hps_0
Progress: Adding io_mem_component_0 [io_mem_component 1.0]
Progress: Parameterizing module io_mem_component_0
Progress: Building connections
Progress: Parameterizing connections
Progress: Validating
Progress: Done reading input file
Info: memory_io.hps_0: HPS Main PLL counter settings: n = 0  m = 47
Info: memory_io.hps_0: HPS peripherial PLL counter settings: n = 0  m = 39
Warning: memory_io.hps_0: set_interface_assignment: Interface "hps_io" does not exist
Info: memory_io: Generating memory_io "memory_io" for QUARTUS_SYNTH
Info: Interconnect is inserted between master io_mem_component_0.avalon_output and slave hps_0.f2h_axi_slave because the master is of type avalon and the slave is of type axi.
Info: Interconnect is inserted between master hps_0.h2f_axi_master and slave io_mem_component_0.avalon_input because the master is of type axi and the slave is of type avalon.
Info: Interconnect is inserted between master hps_0.h2f_lw_axi_master and slave io_mem_component_0.avalon_control because the master is of type axi and the slave is of type avalon.
Info: hps_0: "Running  for module: hps_0"
Info: hps_0: HPS Main PLL counter settings: n = 0  m = 47
Info: hps_0: HPS peripherial PLL counter settings: n = 0  m = 39
Warning: hps_0: set_interface_assignment: Interface "hps_io" does not exist
Info: hps_0: "memory_io" instantiated altera_hps "hps_0"
Info: io_mem_component_0: "memory_io" instantiated io_mem_component "io_mem_component_0"
Info: Interconnect is inserted between master io_mem_component_0_avalon_output_translator.avalon_universal_master_0 and slave io_mem_component_0_avalon_output_agent.av because the master has byteenable signal 1 bit wide, but the slave is 16 bit wide.
Warning: Translator io_mem_component_0_avalon_output_translator_avalon_universal_master_0_translator failed to match interface io_mem_component_0_avalon_output_translator.avalon_universal_master_0
Info: mm_interconnect_0: "memory_io" instantiated altera_mm_interconnect "mm_interconnect_0"
Info: mm_interconnect_1: "memory_io" instantiated altera_mm_interconnect "mm_interconnect_1"
Info: mm_interconnect_2: "memory_io" instantiated altera_mm_interconnect "mm_interconnect_2"
Info: rst_controller: "memory_io" instantiated altera_reset_controller "rst_controller"
Info: fpga_interfaces: "hps_0" instantiated altera_interface_generator "fpga_interfaces"
Info: hps_io: "hps_0" instantiated altera_hps_io "hps_io"
Info: io_mem_component_0_avalon_output_translator: "mm_interconnect_0" instantiated altera_merlin_master_translator "io_mem_component_0_avalon_output_translator"
Info: io_mem_component_0_avalon_output_agent: "mm_interconnect_0" instantiated altera_merlin_master_agent "io_mem_component_0_avalon_output_agent"
Info: hps_0_f2h_axi_slave_agent: "mm_interconnect_0" instantiated altera_merlin_axi_slave_ni "hps_0_f2h_axi_slave_agent"
Info: router: "mm_interconnect_0" instantiated altera_merlin_router "router"
Info: router_001: "mm_interconnect_0" instantiated altera_merlin_router "router_001"
Info: cmd_demux: "mm_interconnect_0" instantiated altera_merlin_demultiplexer "cmd_demux"
Info: cmd_mux: "mm_interconnect_0" instantiated altera_merlin_multiplexer "cmd_mux"
Info: rsp_demux: "mm_interconnect_0" instantiated altera_merlin_demultiplexer "rsp_demux"
Info: rsp_mux: "mm_interconnect_0" instantiated altera_merlin_multiplexer "rsp_mux"
Info: Reusing file E:/Dropbox/numerical-fpga-thesis/sockit/memory_io/synthesis/submodules/altera_merlin_arbitrator.sv
Info: mm_interconnect_0: "mm_interconnect_0" instantiated altera_mm_interconnect "mm_interconnect_0"
Info: io_mem_component_0_avalon_input_translator: "mm_interconnect_1" instantiated altera_merlin_slave_translator "io_mem_component_0_avalon_input_translator"
Info: hps_0_h2f_axi_master_agent: "mm_interconnect_1" instantiated altera_merlin_axi_master_ni "hps_0_h2f_axi_master_agent"
Info: Reusing file E:/Dropbox/numerical-fpga-thesis/sockit/memory_io/synthesis/submodules/altera_merlin_address_alignment.sv
Info: io_mem_component_0_avalon_input_agent: "mm_interconnect_1" instantiated altera_merlin_slave_agent "io_mem_component_0_avalon_input_agent"
Info: Reusing file E:/Dropbox/numerical-fpga-thesis/sockit/memory_io/synthesis/submodules/altera_merlin_burst_uncompressor.sv
Info: io_mem_component_0_avalon_input_agent_rsp_fifo: "mm_interconnect_1" instantiated altera_avalon_sc_fifo "io_mem_component_0_avalon_input_agent_rsp_fifo"
Info: Reusing file E:/Dropbox/numerical-fpga-thesis/sockit/memory_io/synthesis/submodules/altera_avalon_sc_fifo.v
Info: router: "mm_interconnect_1" instantiated altera_merlin_router "router"
Info: router_002: "mm_interconnect_1" instantiated altera_merlin_router "router_002"
Info: io_mem_component_0_avalon_input_burst_adapter: "mm_interconnect_1" instantiated altera_merlin_burst_adapter "io_mem_component_0_avalon_input_burst_adapter"
Info: Reusing file E:/Dropbox/numerical-fpga-thesis/sockit/memory_io/synthesis/submodules/altera_merlin_address_alignment.sv
Info: cmd_demux: "mm_interconnect_1" instantiated altera_merlin_demultiplexer "cmd_demux"
Info: cmd_mux: "mm_interconnect_1" instantiated altera_merlin_multiplexer "cmd_mux"
Info: Reusing file E:/Dropbox/numerical-fpga-thesis/sockit/memory_io/synthesis/submodules/altera_merlin_arbitrator.sv
Info: rsp_demux: "mm_interconnect_1" instantiated altera_merlin_demultiplexer "rsp_demux"
Info: rsp_mux: "mm_interconnect_1" instantiated altera_merlin_multiplexer "rsp_mux"
Info: Reusing file E:/Dropbox/numerical-fpga-thesis/sockit/memory_io/synthesis/submodules/altera_merlin_arbitrator.sv
Info: router: "mm_interconnect_2" instantiated altera_merlin_router "router"
Info: router_002: "mm_interconnect_2" instantiated altera_merlin_router "router_002"
Info: cmd_demux: "mm_interconnect_2" instantiated altera_merlin_demultiplexer "cmd_demux"
Info: cmd_mux: "mm_interconnect_2" instantiated altera_merlin_multiplexer "cmd_mux"
Info: Reusing file E:/Dropbox/numerical-fpga-thesis/sockit/memory_io/synthesis/submodules/altera_merlin_arbitrator.sv
Info: rsp_demux: "mm_interconnect_2" instantiated altera_merlin_demultiplexer "rsp_demux"
Info: rsp_mux: "mm_interconnect_2" instantiated altera_merlin_multiplexer "rsp_mux"
Info: Reusing file E:/Dropbox/numerical-fpga-thesis/sockit/memory_io/synthesis/submodules/altera_merlin_arbitrator.sv
Info: border: "hps_io" instantiated altera_interface_generator "border"
Info: router: "mm_interconnect_0" instantiated altera_merlin_router "router"
Info: router_001: "mm_interconnect_0" instantiated altera_merlin_router "router_001"
Info: cmd_demux: "mm_interconnect_0" instantiated altera_merlin_demultiplexer "cmd_demux"
Info: cmd_mux: "mm_interconnect_0" instantiated altera_merlin_multiplexer "cmd_mux"
Info: Reusing file E:/Dropbox/numerical-fpga-thesis/sockit/memory_io/synthesis/submodules/altera_merlin_arbitrator.sv
Info: rsp_mux: "mm_interconnect_0" instantiated altera_merlin_multiplexer "rsp_mux"
Info: Reusing file E:/Dropbox/numerical-fpga-thesis/sockit/memory_io/synthesis/submodules/altera_merlin_arbitrator.sv
Info: memory_io: Done "memory_io" with 42 modules, 96 files
Info: ip-generate succeeded.
Info: Finished: Create HDL design files for synthesis
