Flow report for first_fpga
Tue Apr 28 23:36:22 2015
Quartus II 64-Bit Version 14.1.0 Build 186 12/03/2014 SJ Web Edition


---------------------
; Table of Contents ;
---------------------
  1. Legal Notice
  2. Flow Summary
  3. Flow Settings
  4. Flow Non-Default Global Settings
  5. Flow Elapsed Time
  6. Flow OS Summary
  7. Flow Log
  8. Flow Messages
  9. Flow Suppressed Messages



----------------
; Legal Notice ;
----------------
Copyright (C) 1991-2014 Altera Corporation. All rights reserved.
Your use of Altera Corporation's design tools, logic functions 
and other software and tools, and its AMPP partner logic 
functions, and any output files from any of the foregoing 
(including device programming or simulation files), and any 
associated documentation or information are expressly subject 
to the terms and conditions of the Altera Program License 
Subscription Agreement, the Altera Quartus II License Agreement,
the Altera MegaCore Function License Agreement, or other 
applicable license agreement, including, without limitation, 
that your use is for the sole purpose of programming logic 
devices manufactured by Altera and sold by Altera or its 
authorized distributors.  Please refer to the applicable 
agreement for further details.



+------------------------------------------------------------------------------+
; Flow Summary                                                                 ;
+---------------------------------+--------------------------------------------+
; Flow Status                     ; Successful - Tue Apr 28 23:36:22 2015      ;
; Quartus II 64-Bit Version       ; 14.1.0 Build 186 12/03/2014 SJ Web Edition ;
; Revision Name                   ; first_fpga                                 ;
; Top-level Entity Name           ; first_fpga                                 ;
; Family                          ; Cyclone V                                  ;
; Device                          ; 5CSXFC6D6F31C8ES                           ;
; Timing Models                   ; Preliminary                                ;
; Logic utilization (in ALMs)     ; 16 / 41,910 ( < 1 % )                      ;
; Total registers                 ; 27                                         ;
; Total pins                      ; 7 / 499 ( 1 % )                            ;
; Total virtual pins              ; 0                                          ;
; Total block memory bits         ; 0 / 5,662,720 ( 0 % )                      ;
; Total DSP Blocks                ; 0 / 112 ( 0 % )                            ;
; Total HSSI RX PCSs              ; 0 / 9 ( 0 % )                              ;
; Total HSSI PMA RX Deserializers ; 0 / 9 ( 0 % )                              ;
; Total HSSI TX PCSs              ; 0 / 9 ( 0 % )                              ;
; Total HSSI PMA TX Serializers   ; 0 / 9 ( 0 % )                              ;
; Total PLLs                      ; 1 / 15 ( 7 % )                             ;
; Total DLLs                      ; 0 / 4 ( 0 % )                              ;
+---------------------------------+--------------------------------------------+


+-----------------------------------------+
; Flow Settings                           ;
+-------------------+---------------------+
; Option            ; Setting             ;
+-------------------+---------------------+
; Start date & time ; 04/28/2015 23:34:24 ;
; Main task         ; Compilation         ;
; Revision Name     ; first_fpga          ;
+-------------------+---------------------+


+------------------------------------------------------------------------------------------------------------------+
; Flow Non-Default Global Settings                                                                                 ;
+-------------------------------------+-----------------------------+---------------+-------------+----------------+
; Assignment Name                     ; Value                       ; Default Value ; Entity Name ; Section Id     ;
+-------------------------------------+-----------------------------+---------------+-------------+----------------+
; COMPILER_SIGNATURE_ID               ; 91762346819.143025686403556 ; --            ; --          ; --             ;
; EDA_OUTPUT_DATA_FORMAT              ; Vhdl                        ; --            ; --          ; eda_simulation ;
; EDA_SIMULATION_TOOL                 ; ModelSim-Altera (VHDL)      ; <None>        ; --          ; --             ;
; MAX_CORE_JUNCTION_TEMP              ; 85                          ; --            ; --          ; --             ;
; MIN_CORE_JUNCTION_TEMP              ; 0                           ; --            ; --          ; --             ;
; MISC_FILE                           ; pll.cmp                     ; --            ; --          ; --             ;
; MISC_FILE                           ; pll_sim/pll.vo              ; --            ; --          ; --             ;
; MISC_FILE                           ; counter_bus_mux_bb.v        ; --            ; --          ; --             ;
; PARTITION_COLOR                     ; 16764057                    ; --            ; --          ; Top            ;
; PARTITION_FITTER_PRESERVATION_LEVEL ; PLACEMENT_AND_ROUTING       ; --            ; --          ; Top            ;
; PARTITION_NETLIST_TYPE              ; SOURCE                      ; --            ; --          ; Top            ;
; PROJECT_OUTPUT_DIRECTORY            ; output_files                ; --            ; --          ; --             ;
; SPD_FILE                            ; pll.spd                     ; --            ; --          ; --             ;
; SYNTHESIS_ONLY_QIP                  ; On                          ; --            ; --          ; --             ;
+-------------------------------------+-----------------------------+---------------+-------------+----------------+


+-------------------------------------------------------------------------------------------------------------------------------+
; Flow Elapsed Time                                                                                                             ;
+---------------------------+--------------+-------------------------+---------------------+------------------------------------+
; Module Name               ; Elapsed Time ; Average Processors Used ; Peak Virtual Memory ; Total CPU Time (on all processors) ;
+---------------------------+--------------+-------------------------+---------------------+------------------------------------+
; Analysis & Synthesis      ; 00:00:13     ; 1.0                     ; 664 MB              ; 00:00:28                           ;
; Fitter                    ; 00:01:02     ; 1.0                     ; 2115 MB             ; 00:01:04                           ;
; Assembler                 ; 00:00:13     ; 1.0                     ; 692 MB              ; 00:00:12                           ;
; TimeQuest Timing Analyzer ; 00:00:09     ; 1.0                     ; 1011 MB             ; 00:00:08                           ;
; EDA Netlist Writer        ; 00:00:02     ; 1.0                     ; 707 MB              ; 00:00:02                           ;
; Total                     ; 00:01:39     ; --                      ; --                  ; 00:01:54                           ;
+---------------------------+--------------+-------------------------+---------------------+------------------------------------+


+----------------------------------------------------------------------------------------+
; Flow OS Summary                                                                        ;
+---------------------------+------------------+-----------+------------+----------------+
; Module Name               ; Machine Hostname ; OS Name   ; OS Version ; Processor type ;
+---------------------------+------------------+-----------+------------+----------------+
; Analysis & Synthesis      ; Martijn-PC       ; Windows 7 ; 6.2        ; x86_64         ;
; Fitter                    ; Martijn-PC       ; Windows 7 ; 6.2        ; x86_64         ;
; Assembler                 ; Martijn-PC       ; Windows 7 ; 6.2        ; x86_64         ;
; TimeQuest Timing Analyzer ; Martijn-PC       ; Windows 7 ; 6.2        ; x86_64         ;
; EDA Netlist Writer        ; Martijn-PC       ; Windows 7 ; 6.2        ; x86_64         ;
+---------------------------+------------------+-----------+------------+----------------+


------------
; Flow Log ;
------------
quartus_map --read_settings_files=on --write_settings_files=off first_fpga -c first_fpga
quartus_fit --read_settings_files=off --write_settings_files=off first_fpga -c first_fpga
quartus_asm --read_settings_files=off --write_settings_files=off first_fpga -c first_fpga
quartus_sta first_fpga -c first_fpga
quartus_eda --read_settings_files=off --write_settings_files=off first_fpga -c first_fpga



