Info: Starting: Create block symbol file (.bsf)
Info: ip-generate --project-directory=E:\Dropbox\numerical-fpga-thesis\interface\HPS_FPGA_databus --output-directory=E:\Dropbox\numerical-fpga-thesis\interface\HPS_FPGA_databus\avalon --report-file=bsf:E:\Dropbox\numerical-fpga-thesis\interface\HPS_FPGA_databus\avalon\avalon.bsf --system-info=DEVICE_FAMILY="Cyclone V" --system-info=DEVICE=5CSXFC6D6F31C8ES --system-info=DEVICE_SPEEDGRADE=8_H6 --component-file=E:\Dropbox\numerical-fpga-thesis\interface\HPS_FPGA_databus\avalon.qsys --remove-qsys-generate-warning
Progress: Loading HPS_FPGA_databus/avalon.qsys
Progress: Reading input file
Progress: Adding clk_0 [clock_source 14.1]
Progress: Parameterizing module clk_0
Progress: Adding delay_ctrl_0 [delay_ctrl 1.0]
Progress: Parameterizing module delay_ctrl_0
Progress: Adding hps_0 [altera_hps 14.1]
Progress: Parameterizing module hps_0
Progress: Building connections
Progress: Parameterizing connections
Progress: Validating
Progress: Done reading input file
Info: avalon.hps_0: HPS Main PLL counter settings: n = 0  m = 63
Info: avalon.hps_0: HPS peripherial PLL counter settings: n = 0  m = 39
Warning: avalon.hps_0: set_interface_assignment: Interface "hps_io" does not exist
Warning: avalon.delay_ctrl_0: delay_ctrl_0.conduit_end must be exported, or connected to a matching conduit.
Info: ip-generate succeeded.
Info: Finished: Create block symbol file (.bsf)
Info: 
Info: Starting: Create HDL design files for synthesis
Info: ip-generate --project-directory=E:\Dropbox\numerical-fpga-thesis\interface\HPS_FPGA_databus --output-directory=E:\Dropbox\numerical-fpga-thesis\interface\HPS_FPGA_databus\avalon\synthesis --file-set=QUARTUS_SYNTH --report-file=html:E:\Dropbox\numerical-fpga-thesis\interface\HPS_FPGA_databus\avalon\avalon.html --report-file=sopcinfo:E:\Dropbox\numerical-fpga-thesis\interface\HPS_FPGA_databus\avalon.sopcinfo --report-file=cmp:E:\Dropbox\numerical-fpga-thesis\interface\HPS_FPGA_databus\avalon\avalon.cmp --report-file=qip:E:\Dropbox\numerical-fpga-thesis\interface\HPS_FPGA_databus\avalon\synthesis\avalon.qip --report-file=svd:E:\Dropbox\numerical-fpga-thesis\interface\HPS_FPGA_databus\avalon\synthesis\avalon.svd --report-file=regmap:E:\Dropbox\numerical-fpga-thesis\interface\HPS_FPGA_databus\avalon\synthesis\avalon.regmap --report-file=xml:E:\Dropbox\numerical-fpga-thesis\interface\HPS_FPGA_databus\avalon\avalon.xml --report-file=debuginfo:E:\Dropbox\numerical-fpga-thesis\interface\HPS_FPGA_databus\avalon\synthesis\avalon.debuginfo --system-info=DEVICE_FAMILY="Cyclone V" --system-info=DEVICE=5CSXFC6D6F31C8ES --system-info=DEVICE_SPEEDGRADE=8_H6 --component-file=E:\Dropbox\numerical-fpga-thesis\interface\HPS_FPGA_databus\avalon.qsys --remove-qsys-generate-warning --language=VERILOG
Progress: Loading HPS_FPGA_databus/avalon.qsys
Progress: Reading input file
Progress: Adding clk_0 [clock_source 14.1]
Progress: Parameterizing module clk_0
Progress: Adding delay_ctrl_0 [delay_ctrl 1.0]
Progress: Parameterizing module delay_ctrl_0
Progress: Adding hps_0 [altera_hps 14.1]
Progress: Parameterizing module hps_0
Progress: Building connections
Progress: Parameterizing connections
Progress: Validating
Progress: Done reading input file
Info: avalon.hps_0: HPS Main PLL counter settings: n = 0  m = 63
Info: avalon.hps_0: HPS peripherial PLL counter settings: n = 0  m = 39
Warning: avalon.hps_0: set_interface_assignment: Interface "hps_io" does not exist
Warning: avalon.delay_ctrl_0: delay_ctrl_0.conduit_end must be exported, or connected to a matching conduit.
Info: avalon: Generating avalon "avalon" for QUARTUS_SYNTH
Info: Interconnect is inserted between master hps_0.h2f_lw_axi_master and slave delay_ctrl_0.avalon_slave_0 because the master is of type axi and the slave is of type avalon.
Info: delay_ctrl_0: "avalon" instantiated delay_ctrl "delay_ctrl_0"
Info: hps_0: "Running  for module: hps_0"
Info: hps_0: HPS Main PLL counter settings: n = 0  m = 63
Info: hps_0: HPS peripherial PLL counter settings: n = 0  m = 39
Warning: hps_0: set_interface_assignment: Interface "hps_io" does not exist
Info: hps_0: "avalon" instantiated altera_hps "hps_0"
Info: mm_interconnect_0: "avalon" instantiated altera_mm_interconnect "mm_interconnect_0"
Info: rst_controller: "avalon" instantiated altera_reset_controller "rst_controller"
Info: fpga_interfaces: "hps_0" instantiated altera_interface_generator "fpga_interfaces"
Info: hps_io: "hps_0" instantiated altera_hps_io "hps_io"
Info: delay_ctrl_0_avalon_slave_0_translator: "mm_interconnect_0" instantiated altera_merlin_slave_translator "delay_ctrl_0_avalon_slave_0_translator"
Info: hps_0_h2f_lw_axi_master_agent: "mm_interconnect_0" instantiated altera_merlin_axi_master_ni "hps_0_h2f_lw_axi_master_agent"
Info: delay_ctrl_0_avalon_slave_0_agent: "mm_interconnect_0" instantiated altera_merlin_slave_agent "delay_ctrl_0_avalon_slave_0_agent"
Info: delay_ctrl_0_avalon_slave_0_agent_rsp_fifo: "mm_interconnect_0" instantiated altera_avalon_sc_fifo "delay_ctrl_0_avalon_slave_0_agent_rsp_fifo"
Info: router: "mm_interconnect_0" instantiated altera_merlin_router "router"
Info: router_002: "mm_interconnect_0" instantiated altera_merlin_router "router_002"
Info: delay_ctrl_0_avalon_slave_0_burst_adapter: "mm_interconnect_0" instantiated altera_merlin_burst_adapter "delay_ctrl_0_avalon_slave_0_burst_adapter"
Info: Reusing file E:/Dropbox/numerical-fpga-thesis/interface/HPS_FPGA_databus/avalon/synthesis/submodules/altera_merlin_address_alignment.sv
Info: cmd_demux: "mm_interconnect_0" instantiated altera_merlin_demultiplexer "cmd_demux"
Info: cmd_mux: "mm_interconnect_0" instantiated altera_merlin_multiplexer "cmd_mux"
Info: rsp_demux: "mm_interconnect_0" instantiated altera_merlin_demultiplexer "rsp_demux"
Info: rsp_mux: "mm_interconnect_0" instantiated altera_merlin_multiplexer "rsp_mux"
Info: Reusing file E:/Dropbox/numerical-fpga-thesis/interface/HPS_FPGA_databus/avalon/synthesis/submodules/altera_merlin_arbitrator.sv
Info: delay_ctrl_0_avalon_slave_0_rsp_width_adapter: "mm_interconnect_0" instantiated altera_merlin_width_adapter "delay_ctrl_0_avalon_slave_0_rsp_width_adapter"
Info: Reusing file E:/Dropbox/numerical-fpga-thesis/interface/HPS_FPGA_databus/avalon/synthesis/submodules/altera_merlin_address_alignment.sv
Info: Reusing file E:/Dropbox/numerical-fpga-thesis/interface/HPS_FPGA_databus/avalon/synthesis/submodules/altera_merlin_burst_uncompressor.sv
Info: border: "hps_io" instantiated altera_interface_generator "border"
Info: avalon: Done "avalon" with 20 modules, 73 files
Info: ip-generate succeeded.
Info: Finished: Create HDL design files for synthesis
